<?xml version="1.0" encoding="UTF-8"?>
<!-- Generated by org.testng.reporters.JUnitReportReporter -->
<testsuite hostname="Lenovo" failures="0" tests="3" name="TestCases.TestDataProvider" time="0.006" errors="0" timestamp="2024-04-08T22:30:08 EET" skipped="0">
  <testcase classname="TestCases.TestDataProvider" name="logIn" time="0.003"/>
  <system-out/>
  <testcase classname="TestCases.TestDataProvider" name="logIn" time="0.001"/>
  <system-out/>
  <testcase classname="TestCases.TestDataProvider" name="logIn" time="0.002"/>
  <system-out/>
</testsuite> <!-- TestCases.TestDataProvider -->
