<?xml version="1.0" encoding="UTF-8"?>
<!-- Generated by org.testng.reporters.JUnitReportReporter -->
<testsuite hostname="Lenovo" failures="0" tests="1" name="TestCases.MainPageTest" time="9.557" errors="0" timestamp="2024-04-08T22:30:08 EET" skipped="0">
  <testcase classname="TestCases.MainPageTest" name="signup_loginPage" time="9.557"/>
  <system-out/>
</testsuite> <!-- TestCases.MainPageTest -->
